<?xml version="1.0" encoding="UTF-8"?>
<!-- Generated by org.testng.reporters.JUnitReportReporter -->
<testsuite hostname="LAPTOP-I629JBLV" failures="0" tests="1" name="com.database.GetCredentialsTableDataFromAshok_db" time="0.045" errors="0" timestamp="2025-08-17T21:21:45 IST" skipped="0">
  <testcase classname="com.database.GetCredentialsTableDataFromAshok_db" name="getDataFromTable" time="0.045"/>
</testsuite> <!-- com.database.GetCredentialsTableDataFromAshok_db -->
